2023-04-29 16:59:40,385:INFO:PyCaret Supervised Module
2023-04-29 16:59:40,385:INFO:ML Usecase: classification
2023-04-29 16:59:40,385:INFO:version 2.3.6
2023-04-29 16:59:40,385:INFO:Initializing setup()
2023-04-29 16:59:40,385:INFO:setup(target=booking_complete, ml_usecase=classification, available_plots={'parameter': 'Hyperparameters', 'auc': 'AUC', 'confusion_matrix': 'Confusion Matrix', 'threshold': 'Threshold', 'pr': 'Precision Recall', 'error': 'Prediction Error', 'class_report': 'Class Report', 'rfe': 'Feature Selection', 'learning': 'Learning Curve', 'manifold': 'Manifold Learning', 'calibration': 'Calibration Curve', 'vc': 'Validation Curve', 'dimension': 'Dimensions', 'feature': 'Feature Importance', 'feature_all': 'Feature Importance (All)', 'boundary': 'Decision Boundary', 'lift': 'Lift Chart', 'gain': 'Gain Chart', 'tree': 'Decision Tree', 'ks': 'KS Statistic Plot'}, train_size=0.7, test_data=None, preprocess=True, imputation_type=simple, iterative_imputation_iters=5, categorical_features=None, categorical_imputation=constant, categorical_iterative_imputer=lightgbm, ordinal_features=None, high_cardinality_features=None, high_cardinality_method=frequency, numeric_features=None, numeric_imputation=mean, numeric_iterative_imputer=lightgbm, date_features=None, ignore_features=None, normalize=False, normalize_method=zscore, transformation=False, transformation_method=yeo-johnson, handle_unknown_categorical=True, unknown_categorical_method=least_frequent, pca=False, pca_method=linear, pca_components=None, ignore_low_variance=False, combine_rare_levels=False, rare_level_threshold=0.1, bin_numeric_features=None, remove_outliers=False, outliers_threshold=0.05, remove_multicollinearity=False, multicollinearity_threshold=0.9, remove_perfect_collinearity=True, create_clusters=False, cluster_iter=20, polynomial_features=False, polynomial_degree=2, trigonometry_features=False, polynomial_threshold=0.1, group_features=None, group_names=None, feature_selection=False, feature_selection_threshold=0.8, feature_selection_method=classic, feature_interaction=False, feature_ratio=False, interaction_threshold=0.01, fix_imbalance=False, fix_imbalance_method=None, transform_target=False, transform_target_method=box-cox, data_split_shuffle=True, data_split_stratify=False, fold_strategy=stratifiedkfold, fold=10, fold_shuffle=False, fold_groups=None, n_jobs=-1, use_gpu=False, custom_pipeline=None, html=True, session_id=123, log_experiment=False, experiment_name=None, log_plots=False, log_profile=False, log_data=False, silent=False, verbose=True, profile=False, profile_kwargs=None, display=None)
2023-04-29 16:59:40,385:INFO:Checking environment
2023-04-29 16:59:40,385:INFO:python_version: 3.9.7
2023-04-29 16:59:40,386:INFO:python_build: ('default', 'Sep 29 2021 19:23:11')
2023-04-29 16:59:40,386:INFO:machine: x86_64
2023-04-29 16:59:40,386:INFO:platform: Linux-4.14.311-233.529.amzn2.x86_64-x86_64-with-glibc2.31
2023-04-29 16:59:40,386:WARNING:cannot find psutil installation. memory not traceable. Install psutil using pip to enable memory logging.
2023-04-29 16:59:40,386:INFO:Checking libraries
2023-04-29 16:59:40,386:INFO:pd==1.3.4
2023-04-29 16:59:40,386:INFO:numpy==1.22.0
2023-04-29 16:59:40,386:INFO:sklearn==0.23.2
2023-04-29 16:59:40,386:INFO:lightgbm==3.3.1
2023-04-29 16:59:40,604:INFO:catboost==1.0.3
2023-04-29 16:59:40,754:INFO:xgboost==1.5.1
2023-04-29 16:59:41,251:INFO:mlflow==1.22.0
2023-04-29 16:59:41,251:INFO:Checking Exceptions
2023-04-29 16:59:41,252:INFO:Declaring global variables
2023-04-29 16:59:41,252:INFO:USI: 3406
2023-04-29 16:59:41,252:INFO:pycaret_globals: {'seed', 'transform_target_method_param', 'imputation_classifier', 'display_container', 'y', 'imputation_regressor', 'logging_param', 'n_jobs_param', 'X_train', 'stratify_param', 'fold_groups_param', '_ml_usecase', 'target_param', '_internal_pipeline', '_available_plots', 'fix_imbalance_method_param', 'log_plots_param', '_all_metrics', 'fold_param', '_all_models', 'experiment__', 'iterative_imputation_iters_param', 'master_model_container', 'fold_groups_param_full', 'X_test', 'prep_pipe', 'USI', 'exp_name_log', '_gpu_n_jobs_param', 'fold_generator', 'html_param', 'data_before_preprocess', '_all_models_internal', 'create_model_container', 'transform_target_param', 'fold_shuffle_param', 'pycaret_globals', 'y_test', 'X', 'gpu_param', 'fix_imbalance_param', 'y_train'}
2023-04-29 16:59:41,252:INFO:Preparing display monitor
2023-04-29 16:59:41,252:INFO:Preparing display monitor
2023-04-29 16:59:41,268:INFO:Importing libraries
2023-04-29 16:59:41,269:INFO:Copying data for preprocessing
2023-04-29 16:59:41,287:INFO:Declaring preprocessing parameters
2023-04-29 16:59:41,292:INFO:Creating preprocessing pipeline
2023-04-29 16:59:41,358:INFO:Preprocessing pipeline created successfully
2023-04-29 16:59:41,359:ERROR:(Process Exit): setup has been interupted with user command 'quit'. setup must rerun.
2023-04-29 16:59:41,359:INFO:Creating global containers
2023-04-29 16:59:41,360:INFO:Internal pipeline: Pipeline(memory=None, steps=[('empty_step', 'passthrough')], verbose=False)
2023-04-29 17:05:55,965:INFO:PyCaret Supervised Module
2023-04-29 17:05:55,965:INFO:ML Usecase: classification
2023-04-29 17:05:55,965:INFO:version 2.3.6
2023-04-29 17:05:55,965:INFO:Initializing setup()
2023-04-29 17:05:55,965:INFO:setup(target=booking_complete, ml_usecase=classification, available_plots={'parameter': 'Hyperparameters', 'auc': 'AUC', 'confusion_matrix': 'Confusion Matrix', 'threshold': 'Threshold', 'pr': 'Precision Recall', 'error': 'Prediction Error', 'class_report': 'Class Report', 'rfe': 'Feature Selection', 'learning': 'Learning Curve', 'manifold': 'Manifold Learning', 'calibration': 'Calibration Curve', 'vc': 'Validation Curve', 'dimension': 'Dimensions', 'feature': 'Feature Importance', 'feature_all': 'Feature Importance (All)', 'boundary': 'Decision Boundary', 'lift': 'Lift Chart', 'gain': 'Gain Chart', 'tree': 'Decision Tree', 'ks': 'KS Statistic Plot'}, train_size=0.7, test_data=None, preprocess=True, imputation_type=simple, iterative_imputation_iters=5, categorical_features=None, categorical_imputation=constant, categorical_iterative_imputer=lightgbm, ordinal_features=None, high_cardinality_features=None, high_cardinality_method=frequency, numeric_features=None, numeric_imputation=mean, numeric_iterative_imputer=lightgbm, date_features=None, ignore_features=None, normalize=False, normalize_method=zscore, transformation=False, transformation_method=yeo-johnson, handle_unknown_categorical=True, unknown_categorical_method=least_frequent, pca=False, pca_method=linear, pca_components=None, ignore_low_variance=False, combine_rare_levels=False, rare_level_threshold=0.1, bin_numeric_features=None, remove_outliers=False, outliers_threshold=0.05, remove_multicollinearity=False, multicollinearity_threshold=0.9, remove_perfect_collinearity=True, create_clusters=False, cluster_iter=20, polynomial_features=False, polynomial_degree=2, trigonometry_features=False, polynomial_threshold=0.1, group_features=None, group_names=None, feature_selection=False, feature_selection_threshold=0.8, feature_selection_method=classic, feature_interaction=False, feature_ratio=False, interaction_threshold=0.01, fix_imbalance=False, fix_imbalance_method=None, transform_target=False, transform_target_method=box-cox, data_split_shuffle=True, data_split_stratify=False, fold_strategy=stratifiedkfold, fold=10, fold_shuffle=False, fold_groups=None, n_jobs=-1, use_gpu=False, custom_pipeline=None, html=True, session_id=123, log_experiment=False, experiment_name=None, log_plots=False, log_profile=False, log_data=False, silent=False, verbose=True, profile=False, profile_kwargs=None, display=None)
2023-04-29 17:05:55,965:INFO:Checking environment
2023-04-29 17:05:55,965:INFO:python_version: 3.9.7
2023-04-29 17:05:55,965:INFO:python_build: ('default', 'Sep 29 2021 19:23:11')
2023-04-29 17:05:55,966:INFO:machine: x86_64
2023-04-29 17:05:55,966:INFO:platform: Linux-4.14.311-233.529.amzn2.x86_64-x86_64-with-glibc2.31
2023-04-29 17:05:55,968:WARNING:cannot find psutil installation. memory not traceable. Install psutil using pip to enable memory logging.
2023-04-29 17:05:55,968:INFO:Checking libraries
2023-04-29 17:05:55,968:INFO:pd==1.3.4
2023-04-29 17:05:55,968:INFO:numpy==1.22.0
2023-04-29 17:05:55,968:INFO:sklearn==0.23.2
2023-04-29 17:05:55,968:INFO:lightgbm==3.3.1
2023-04-29 17:05:55,968:INFO:catboost==1.0.3
2023-04-29 17:05:55,968:INFO:xgboost==1.5.1
2023-04-29 17:05:55,968:INFO:mlflow==1.22.0
2023-04-29 17:05:55,968:INFO:Checking Exceptions
2023-04-29 17:05:55,969:INFO:Declaring global variables
2023-04-29 17:05:55,969:INFO:USI: b38c
2023-04-29 17:05:55,969:INFO:pycaret_globals: {'seed', 'transform_target_method_param', 'imputation_classifier', 'display_container', 'y', 'imputation_regressor', 'logging_param', 'n_jobs_param', 'X_train', 'stratify_param', 'fold_groups_param', '_ml_usecase', 'target_param', '_internal_pipeline', '_available_plots', 'fix_imbalance_method_param', 'log_plots_param', '_all_metrics', 'fold_param', '_all_models', 'experiment__', 'iterative_imputation_iters_param', 'master_model_container', 'fold_groups_param_full', 'X_test', 'prep_pipe', 'USI', 'exp_name_log', '_gpu_n_jobs_param', 'fold_generator', 'html_param', 'data_before_preprocess', '_all_models_internal', 'create_model_container', 'transform_target_param', 'fold_shuffle_param', 'pycaret_globals', 'y_test', 'X', 'gpu_param', 'fix_imbalance_param', 'y_train'}
2023-04-29 17:05:55,969:INFO:Preparing display monitor
2023-04-29 17:05:55,969:INFO:Preparing display monitor
2023-04-29 17:05:55,985:INFO:Importing libraries
2023-04-29 17:05:55,986:INFO:Copying data for preprocessing
2023-04-29 17:05:55,997:INFO:Declaring preprocessing parameters
2023-04-29 17:05:56,002:INFO:Creating preprocessing pipeline
2023-04-29 17:05:56,061:INFO:Preprocessing pipeline created successfully
2023-04-29 17:05:56,061:ERROR:(Process Exit): setup has been interupted with user command 'quit'. setup must rerun.
2023-04-29 17:05:56,061:INFO:Creating global containers
2023-04-29 17:05:56,062:INFO:Internal pipeline: Pipeline(memory=None, steps=[('empty_step', 'passthrough')], verbose=False)
2023-04-29 17:06:40,861:INFO:Creating grid variables
2023-04-29 17:06:40,883:INFO:create_model_container: 0
2023-04-29 17:06:40,883:INFO:master_model_container: 0
2023-04-29 17:06:40,883:INFO:display_container: 1
2023-04-29 17:06:40,887:INFO:Pipeline(memory=None,
         steps=[('dtypes',
                 DataTypes_Auto_infer(categorical_features=[],
                                      display_types=True, features_todrop=[],
                                      id_columns=[],
                                      ml_usecase='classification',
                                      numerical_features=[],
                                      target='booking_complete',
                                      time_features=[])),
                ('imputer',
                 Simple_Imputer(categorical_strategy='not_available',
                                fill_value_categorical=None,
                                fill_value_numerical=None,
                                num...
                ('scaling', 'passthrough'), ('P_transform', 'passthrough'),
                ('binn', 'passthrough'), ('rem_outliers', 'passthrough'),
                ('cluster_all', 'passthrough'),
                ('dummy', Dummify(target='booking_complete')),
                ('fix_perfect', Remove_100(target='booking_complete')),
                ('clean_names', Clean_Colum_Names()),
                ('feature_select', 'passthrough'), ('fix_multi', 'passthrough'),
                ('dfs', 'passthrough'), ('pca', 'passthrough')],
         verbose=False)
2023-04-29 17:06:40,888:INFO:setup() succesfully completed......................................
2023-04-29 17:07:11,795:INFO:Initializing compare_models()
2023-04-29 17:07:11,795:INFO:compare_models(include=None, fold=None, round=4, cross_validation=True, sort=Accuracy, n_select=1, budget_time=None, turbo=True, errors=ignore, fit_kwargs=None, groups=None, probability_threshold=None, verbose=True, display=None, exclude=None)
2023-04-29 17:07:11,795:INFO:Checking exceptions
2023-04-29 17:07:11,797:INFO:Preparing display monitor
2023-04-29 17:07:11,797:INFO:Preparing display monitor
2023-04-29 17:07:11,843:INFO:Initializing Logistic Regression
2023-04-29 17:07:11,843:INFO:Total runtime is 2.8570493062337238e-06 minutes
2023-04-29 17:07:11,861:INFO:SubProcess create_model() called ==================================
2023-04-29 17:07:11,861:INFO:Initializing create_model()
2023-04-29 17:07:11,862:INFO:create_model(estimator=lr, fold=StratifiedKFold(n_splits=10, random_state=None, shuffle=False), round=4, cross_validation=True, predict=True, fit_kwargs={}, groups=None, refit=False, verbose=False, system=False, metrics=None, add_to_model_list=True, probability_threshold=None, display=<pycaret.internal.Display.Display object at 0x7fe5d8649220>, kwargs={})
2023-04-29 17:07:11,862:INFO:Checking exceptions
2023-04-29 17:07:11,862:INFO:Importing libraries
2023-04-29 17:07:11,862:INFO:Copying training dataset
2023-04-29 17:07:11,864:INFO:Defining folds
2023-04-29 17:07:11,864:INFO:Declaring metric variables
2023-04-29 17:07:11,875:INFO:Importing untrained model
2023-04-29 17:07:11,889:INFO:Logistic Regression Imported succesfully
2023-04-29 17:07:11,915:INFO:Starting cross validation
2023-04-29 17:07:11,916:INFO:Cross validating with StratifiedKFold(n_splits=10, random_state=None, shuffle=False), n_jobs=-1
2023-04-29 17:07:17,869:INFO:Calculating mean and std
2023-04-29 17:07:17,870:INFO:Creating metrics dataframe
2023-04-29 17:07:17,876:INFO:Uploading results into container
2023-04-29 17:07:17,877:INFO:Uploading model into container now
2023-04-29 17:07:17,877:INFO:create_model_container: 1
2023-04-29 17:07:17,877:INFO:master_model_container: 1
2023-04-29 17:07:17,877:INFO:display_container: 2
2023-04-29 17:07:17,877:INFO:LogisticRegression(C=1.0, class_weight=None, dual=False, fit_intercept=True,
                   intercept_scaling=1, l1_ratio=None, max_iter=1000,
                   multi_class='auto', n_jobs=None, penalty='l2',
                   random_state=123, solver='lbfgs', tol=0.0001, verbose=0,
                   warm_start=False)
2023-04-29 17:07:17,877:INFO:create_model() succesfully completed......................................
2023-04-29 17:07:18,190:INFO:SubProcess create_model() end ==================================
2023-04-29 17:07:18,191:INFO:Creating metrics dataframe
2023-04-29 17:07:18,210:INFO:Initializing K Neighbors Classifier
2023-04-29 17:07:18,210:INFO:Total runtime is 0.10612762371699015 minutes
2023-04-29 17:07:18,220:INFO:SubProcess create_model() called ==================================
2023-04-29 17:07:18,220:INFO:Initializing create_model()
2023-04-29 17:07:18,221:INFO:create_model(estimator=knn, fold=StratifiedKFold(n_splits=10, random_state=None, shuffle=False), round=4, cross_validation=True, predict=True, fit_kwargs={}, groups=None, refit=False, verbose=False, system=False, metrics=None, add_to_model_list=True, probability_threshold=None, display=<pycaret.internal.Display.Display object at 0x7fe5d8649220>, kwargs={})
2023-04-29 17:07:18,221:INFO:Checking exceptions
2023-04-29 17:07:18,221:INFO:Importing libraries
2023-04-29 17:07:18,221:INFO:Copying training dataset
2023-04-29 17:07:18,222:INFO:Defining folds
2023-04-29 17:07:18,223:INFO:Declaring metric variables
2023-04-29 17:07:18,231:INFO:Importing untrained model
2023-04-29 17:07:18,239:INFO:K Neighbors Classifier Imported succesfully
2023-04-29 17:07:18,255:INFO:Starting cross validation
2023-04-29 17:07:18,255:INFO:Cross validating with StratifiedKFold(n_splits=10, random_state=None, shuffle=False), n_jobs=-1
2023-04-29 17:07:20,108:INFO:Calculating mean and std
2023-04-29 17:07:20,110:INFO:Creating metrics dataframe
2023-04-29 17:07:20,115:INFO:Uploading results into container
2023-04-29 17:07:20,115:INFO:Uploading model into container now
2023-04-29 17:07:20,115:INFO:create_model_container: 2
2023-04-29 17:07:20,115:INFO:master_model_container: 2
2023-04-29 17:07:20,115:INFO:display_container: 2
2023-04-29 17:07:20,116:INFO:KNeighborsClassifier(algorithm='auto', leaf_size=30, metric='minkowski',
                     metric_params=None, n_jobs=-1, n_neighbors=5, p=2,
                     weights='uniform')
2023-04-29 17:07:20,116:INFO:create_model() succesfully completed......................................
2023-04-29 17:07:20,396:INFO:SubProcess create_model() end ==================================
2023-04-29 17:07:20,396:INFO:Creating metrics dataframe
2023-04-29 17:07:20,412:INFO:Initializing Naive Bayes
2023-04-29 17:07:20,412:INFO:Total runtime is 0.14282513856887818 minutes
2023-04-29 17:07:20,420:INFO:SubProcess create_model() called ==================================
2023-04-29 17:07:20,420:INFO:Initializing create_model()
2023-04-29 17:07:20,421:INFO:create_model(estimator=nb, fold=StratifiedKFold(n_splits=10, random_state=None, shuffle=False), round=4, cross_validation=True, predict=True, fit_kwargs={}, groups=None, refit=False, verbose=False, system=False, metrics=None, add_to_model_list=True, probability_threshold=None, display=<pycaret.internal.Display.Display object at 0x7fe5d8649220>, kwargs={})
2023-04-29 17:07:20,421:INFO:Checking exceptions
2023-04-29 17:07:20,421:INFO:Importing libraries
2023-04-29 17:07:20,421:INFO:Copying training dataset
2023-04-29 17:07:20,422:INFO:Defining folds
2023-04-29 17:07:20,422:INFO:Declaring metric variables
2023-04-29 17:07:20,429:INFO:Importing untrained model
2023-04-29 17:07:20,438:INFO:Naive Bayes Imported succesfully
2023-04-29 17:07:20,457:INFO:Starting cross validation
2023-04-29 17:07:20,458:INFO:Cross validating with StratifiedKFold(n_splits=10, random_state=None, shuffle=False), n_jobs=-1
2023-04-29 17:07:20,748:INFO:Calculating mean and std
2023-04-29 17:07:20,749:INFO:Creating metrics dataframe
2023-04-29 17:07:20,755:INFO:Uploading results into container
2023-04-29 17:07:20,755:INFO:Uploading model into container now
2023-04-29 17:07:20,755:INFO:create_model_container: 3
2023-04-29 17:07:20,755:INFO:master_model_container: 3
2023-04-29 17:07:20,755:INFO:display_container: 2
2023-04-29 17:07:20,755:INFO:GaussianNB(priors=None, var_smoothing=1e-09)
2023-04-29 17:07:20,755:INFO:create_model() succesfully completed......................................
2023-04-29 17:07:21,084:INFO:SubProcess create_model() end ==================================
2023-04-29 17:07:21,084:INFO:Creating metrics dataframe
2023-04-29 17:07:21,104:INFO:Initializing Decision Tree Classifier
2023-04-29 17:07:21,104:INFO:Total runtime is 0.15436114470163984 minutes
2023-04-29 17:07:21,113:INFO:SubProcess create_model() called ==================================
2023-04-29 17:07:21,113:INFO:Initializing create_model()
2023-04-29 17:07:21,113:INFO:create_model(estimator=dt, fold=StratifiedKFold(n_splits=10, random_state=None, shuffle=False), round=4, cross_validation=True, predict=True, fit_kwargs={}, groups=None, refit=False, verbose=False, system=False, metrics=None, add_to_model_list=True, probability_threshold=None, display=<pycaret.internal.Display.Display object at 0x7fe5d8649220>, kwargs={})
2023-04-29 17:07:21,113:INFO:Checking exceptions
2023-04-29 17:07:21,113:INFO:Importing libraries
2023-04-29 17:07:21,113:INFO:Copying training dataset
2023-04-29 17:07:21,115:INFO:Defining folds
2023-04-29 17:07:21,115:INFO:Declaring metric variables
2023-04-29 17:07:21,122:INFO:Importing untrained model
2023-04-29 17:07:21,132:INFO:Decision Tree Classifier Imported succesfully
2023-04-29 17:07:21,148:INFO:Starting cross validation
2023-04-29 17:07:21,149:INFO:Cross validating with StratifiedKFold(n_splits=10, random_state=None, shuffle=False), n_jobs=-1
2023-04-29 17:07:21,836:INFO:Calculating mean and std
2023-04-29 17:07:21,837:INFO:Creating metrics dataframe
2023-04-29 17:07:21,842:INFO:Uploading results into container
2023-04-29 17:07:21,842:INFO:Uploading model into container now
2023-04-29 17:07:21,842:INFO:create_model_container: 4
2023-04-29 17:07:21,842:INFO:master_model_container: 4
2023-04-29 17:07:21,842:INFO:display_container: 2
2023-04-29 17:07:21,842:INFO:DecisionTreeClassifier(ccp_alpha=0.0, class_weight=None, criterion='gini',
                       max_depth=None, max_features=None, max_leaf_nodes=None,
                       min_impurity_decrease=0.0, min_impurity_split=None,
                       min_samples_leaf=1, min_samples_split=2,
                       min_weight_fraction_leaf=0.0, presort='deprecated',
                       random_state=123, splitter='best')
2023-04-29 17:07:21,843:INFO:create_model() succesfully completed......................................
2023-04-29 17:07:22,134:INFO:SubProcess create_model() end ==================================
2023-04-29 17:07:22,134:INFO:Creating metrics dataframe
2023-04-29 17:07:22,151:INFO:Initializing SVM - Linear Kernel
2023-04-29 17:07:22,152:INFO:Total runtime is 0.17181572119394942 minutes
2023-04-29 17:07:22,160:INFO:SubProcess create_model() called ==================================
2023-04-29 17:07:22,160:INFO:Initializing create_model()
2023-04-29 17:07:22,160:INFO:create_model(estimator=svm, fold=StratifiedKFold(n_splits=10, random_state=None, shuffle=False), round=4, cross_validation=True, predict=True, fit_kwargs={}, groups=None, refit=False, verbose=False, system=False, metrics=None, add_to_model_list=True, probability_threshold=None, display=<pycaret.internal.Display.Display object at 0x7fe5d8649220>, kwargs={})
2023-04-29 17:07:22,160:INFO:Checking exceptions
2023-04-29 17:07:22,160:INFO:Importing libraries
2023-04-29 17:07:22,160:INFO:Copying training dataset
2023-04-29 17:07:22,162:INFO:Defining folds
2023-04-29 17:07:22,162:INFO:Declaring metric variables
2023-04-29 17:07:22,170:INFO:Importing untrained model
2023-04-29 17:07:22,178:INFO:SVM - Linear Kernel Imported succesfully
2023-04-29 17:07:22,195:INFO:Starting cross validation
2023-04-29 17:07:22,196:INFO:Cross validating with StratifiedKFold(n_splits=10, random_state=None, shuffle=False), n_jobs=-1
2023-04-29 17:07:25,578:INFO:Calculating mean and std
2023-04-29 17:07:25,579:INFO:Creating metrics dataframe
2023-04-29 17:07:25,585:INFO:Uploading results into container
2023-04-29 17:07:25,585:INFO:Uploading model into container now
2023-04-29 17:07:25,585:INFO:create_model_container: 5
2023-04-29 17:07:25,585:INFO:master_model_container: 5
2023-04-29 17:07:25,585:INFO:display_container: 2
2023-04-29 17:07:25,586:INFO:SGDClassifier(alpha=0.0001, average=False, class_weight=None,
              early_stopping=False, epsilon=0.1, eta0=0.001, fit_intercept=True,
              l1_ratio=0.15, learning_rate='optimal', loss='hinge',
              max_iter=1000, n_iter_no_change=5, n_jobs=-1, penalty='l2',
              power_t=0.5, random_state=123, shuffle=True, tol=0.001,
              validation_fraction=0.1, verbose=0, warm_start=False)
2023-04-29 17:07:25,586:INFO:create_model() succesfully completed......................................
2023-04-29 17:07:25,879:INFO:SubProcess create_model() end ==================================
2023-04-29 17:07:25,879:INFO:Creating metrics dataframe
2023-04-29 17:07:25,900:INFO:Initializing Ridge Classifier
2023-04-29 17:07:25,900:INFO:Total runtime is 0.23428766727447514 minutes
2023-04-29 17:07:25,909:INFO:SubProcess create_model() called ==================================
2023-04-29 17:07:25,909:INFO:Initializing create_model()
2023-04-29 17:07:25,909:INFO:create_model(estimator=ridge, fold=StratifiedKFold(n_splits=10, random_state=None, shuffle=False), round=4, cross_validation=True, predict=True, fit_kwargs={}, groups=None, refit=False, verbose=False, system=False, metrics=None, add_to_model_list=True, probability_threshold=None, display=<pycaret.internal.Display.Display object at 0x7fe5d8649220>, kwargs={})
2023-04-29 17:07:25,909:INFO:Checking exceptions
2023-04-29 17:07:25,909:INFO:Importing libraries
2023-04-29 17:07:25,910:INFO:Copying training dataset
2023-04-29 17:07:25,911:INFO:Defining folds
2023-04-29 17:07:25,912:INFO:Declaring metric variables
2023-04-29 17:07:25,919:INFO:Importing untrained model
2023-04-29 17:07:25,927:INFO:Ridge Classifier Imported succesfully
2023-04-29 17:07:25,942:INFO:Starting cross validation
2023-04-29 17:07:25,943:INFO:Cross validating with StratifiedKFold(n_splits=10, random_state=None, shuffle=False), n_jobs=-1
2023-04-29 17:07:26,252:INFO:Calculating mean and std
2023-04-29 17:07:26,253:INFO:Creating metrics dataframe
2023-04-29 17:07:26,258:INFO:Uploading results into container
2023-04-29 17:07:26,258:INFO:Uploading model into container now
2023-04-29 17:07:26,258:INFO:create_model_container: 6
2023-04-29 17:07:26,258:INFO:master_model_container: 6
2023-04-29 17:07:26,258:INFO:display_container: 2
2023-04-29 17:07:26,258:INFO:RidgeClassifier(alpha=1.0, class_weight=None, copy_X=True, fit_intercept=True,
                max_iter=None, normalize=False, random_state=123, solver='auto',
                tol=0.001)
2023-04-29 17:07:26,258:INFO:create_model() succesfully completed......................................
2023-04-29 17:07:26,544:INFO:SubProcess create_model() end ==================================
2023-04-29 17:07:26,545:INFO:Creating metrics dataframe
2023-04-29 17:07:26,561:INFO:Initializing Random Forest Classifier
2023-04-29 17:07:26,562:INFO:Total runtime is 0.24531581004460656 minutes
2023-04-29 17:07:26,571:INFO:SubProcess create_model() called ==================================
2023-04-29 17:07:26,571:INFO:Initializing create_model()
2023-04-29 17:07:26,571:INFO:create_model(estimator=rf, fold=StratifiedKFold(n_splits=10, random_state=None, shuffle=False), round=4, cross_validation=True, predict=True, fit_kwargs={}, groups=None, refit=False, verbose=False, system=False, metrics=None, add_to_model_list=True, probability_threshold=None, display=<pycaret.internal.Display.Display object at 0x7fe5d8649220>, kwargs={})
2023-04-29 17:07:26,571:INFO:Checking exceptions
2023-04-29 17:07:26,572:INFO:Importing libraries
2023-04-29 17:07:26,572:INFO:Copying training dataset
2023-04-29 17:07:26,573:INFO:Defining folds
2023-04-29 17:07:26,573:INFO:Declaring metric variables
2023-04-29 17:07:26,581:INFO:Importing untrained model
2023-04-29 17:07:26,588:INFO:Random Forest Classifier Imported succesfully
2023-04-29 17:07:26,608:INFO:Starting cross validation
2023-04-29 17:07:26,609:INFO:Cross validating with StratifiedKFold(n_splits=10, random_state=None, shuffle=False), n_jobs=-1
2023-04-29 17:07:39,553:INFO:Calculating mean and std
2023-04-29 17:07:39,554:INFO:Creating metrics dataframe
2023-04-29 17:07:39,559:INFO:Uploading results into container
2023-04-29 17:07:39,559:INFO:Uploading model into container now
2023-04-29 17:07:39,559:INFO:create_model_container: 7
2023-04-29 17:07:39,559:INFO:master_model_container: 7
2023-04-29 17:07:39,559:INFO:display_container: 2
2023-04-29 17:07:39,560:INFO:RandomForestClassifier(bootstrap=True, ccp_alpha=0.0, class_weight=None,
                       criterion='gini', max_depth=None, max_features='auto',
                       max_leaf_nodes=None, max_samples=None,
                       min_impurity_decrease=0.0, min_impurity_split=None,
                       min_samples_leaf=1, min_samples_split=2,
                       min_weight_fraction_leaf=0.0, n_estimators=100,
                       n_jobs=-1, oob_score=False, random_state=123, verbose=0,
                       warm_start=False)
2023-04-29 17:07:39,560:INFO:create_model() succesfully completed......................................
2023-04-29 17:07:39,851:INFO:SubProcess create_model() end ==================================
2023-04-29 17:07:39,851:INFO:Creating metrics dataframe
2023-04-29 17:07:39,868:INFO:Initializing Quadratic Discriminant Analysis
2023-04-29 17:07:39,869:INFO:Total runtime is 0.4670976678530375 minutes
2023-04-29 17:07:39,879:INFO:SubProcess create_model() called ==================================
2023-04-29 17:07:39,880:INFO:Initializing create_model()
2023-04-29 17:07:39,880:INFO:create_model(estimator=qda, fold=StratifiedKFold(n_splits=10, random_state=None, shuffle=False), round=4, cross_validation=True, predict=True, fit_kwargs={}, groups=None, refit=False, verbose=False, system=False, metrics=None, add_to_model_list=True, probability_threshold=None, display=<pycaret.internal.Display.Display object at 0x7fe5d8649220>, kwargs={})
2023-04-29 17:07:39,880:INFO:Checking exceptions
2023-04-29 17:07:39,880:INFO:Importing libraries
2023-04-29 17:07:39,880:INFO:Copying training dataset
2023-04-29 17:07:39,882:INFO:Defining folds
2023-04-29 17:07:39,882:INFO:Declaring metric variables
2023-04-29 17:07:39,890:INFO:Importing untrained model
2023-04-29 17:07:39,900:INFO:Quadratic Discriminant Analysis Imported succesfully
2023-04-29 17:07:39,917:INFO:Starting cross validation
2023-04-29 17:07:39,918:INFO:Cross validating with StratifiedKFold(n_splits=10, random_state=None, shuffle=False), n_jobs=-1
2023-04-29 17:07:40,304:INFO:Calculating mean and std
2023-04-29 17:07:40,305:INFO:Creating metrics dataframe
2023-04-29 17:07:40,310:INFO:Uploading results into container
2023-04-29 17:07:40,310:INFO:Uploading model into container now
2023-04-29 17:07:40,310:INFO:create_model_container: 8
2023-04-29 17:07:40,310:INFO:master_model_container: 8
2023-04-29 17:07:40,310:INFO:display_container: 2
2023-04-29 17:07:40,310:INFO:QuadraticDiscriminantAnalysis(priors=None, reg_param=0.0,
                              store_covariance=False, tol=0.0001)
2023-04-29 17:07:40,311:INFO:create_model() succesfully completed......................................
2023-04-29 17:07:40,612:INFO:SubProcess create_model() end ==================================
2023-04-29 17:07:40,612:INFO:Creating metrics dataframe
2023-04-29 17:07:40,631:INFO:Initializing Ada Boost Classifier
2023-04-29 17:07:40,631:INFO:Total runtime is 0.4798028310139974 minutes
2023-04-29 17:07:40,641:INFO:SubProcess create_model() called ==================================
2023-04-29 17:07:40,641:INFO:Initializing create_model()
2023-04-29 17:07:40,641:INFO:create_model(estimator=ada, fold=StratifiedKFold(n_splits=10, random_state=None, shuffle=False), round=4, cross_validation=True, predict=True, fit_kwargs={}, groups=None, refit=False, verbose=False, system=False, metrics=None, add_to_model_list=True, probability_threshold=None, display=<pycaret.internal.Display.Display object at 0x7fe5d8649220>, kwargs={})
2023-04-29 17:07:40,641:INFO:Checking exceptions
2023-04-29 17:07:40,641:INFO:Importing libraries
2023-04-29 17:07:40,641:INFO:Copying training dataset
2023-04-29 17:07:40,643:INFO:Defining folds
2023-04-29 17:07:40,643:INFO:Declaring metric variables
2023-04-29 17:07:40,651:INFO:Importing untrained model
2023-04-29 17:07:40,659:INFO:Ada Boost Classifier Imported succesfully
2023-04-29 17:07:40,675:INFO:Starting cross validation
2023-04-29 17:07:40,676:INFO:Cross validating with StratifiedKFold(n_splits=10, random_state=None, shuffle=False), n_jobs=-1
2023-04-29 17:07:44,173:INFO:Calculating mean and std
2023-04-29 17:07:44,175:INFO:Creating metrics dataframe
2023-04-29 17:07:44,179:INFO:Uploading results into container
2023-04-29 17:07:44,179:INFO:Uploading model into container now
2023-04-29 17:07:44,179:INFO:create_model_container: 9
2023-04-29 17:07:44,179:INFO:master_model_container: 9
2023-04-29 17:07:44,179:INFO:display_container: 2
2023-04-29 17:07:44,180:INFO:AdaBoostClassifier(algorithm='SAMME.R', base_estimator=None, learning_rate=1.0,
                   n_estimators=50, random_state=123)
2023-04-29 17:07:44,180:INFO:create_model() succesfully completed......................................
2023-04-29 17:07:44,463:INFO:SubProcess create_model() end ==================================
2023-04-29 17:07:44,464:INFO:Creating metrics dataframe
2023-04-29 17:07:44,483:INFO:Initializing Gradient Boosting Classifier
2023-04-29 17:07:44,483:INFO:Total runtime is 0.5440043052037558 minutes
2023-04-29 17:07:44,491:INFO:SubProcess create_model() called ==================================
2023-04-29 17:07:44,491:INFO:Initializing create_model()
2023-04-29 17:07:44,492:INFO:create_model(estimator=gbc, fold=StratifiedKFold(n_splits=10, random_state=None, shuffle=False), round=4, cross_validation=True, predict=True, fit_kwargs={}, groups=None, refit=False, verbose=False, system=False, metrics=None, add_to_model_list=True, probability_threshold=None, display=<pycaret.internal.Display.Display object at 0x7fe5d8649220>, kwargs={})
2023-04-29 17:07:44,492:INFO:Checking exceptions
2023-04-29 17:07:44,492:INFO:Importing libraries
2023-04-29 17:07:44,492:INFO:Copying training dataset
2023-04-29 17:07:44,493:INFO:Defining folds
2023-04-29 17:07:44,493:INFO:Declaring metric variables
2023-04-29 17:07:44,501:INFO:Importing untrained model
2023-04-29 17:07:44,508:INFO:Gradient Boosting Classifier Imported succesfully
2023-04-29 17:07:44,527:INFO:Starting cross validation
2023-04-29 17:07:44,528:INFO:Cross validating with StratifiedKFold(n_splits=10, random_state=None, shuffle=False), n_jobs=-1
2023-04-29 17:07:54,209:INFO:Calculating mean and std
2023-04-29 17:07:54,210:INFO:Creating metrics dataframe
2023-04-29 17:07:54,216:INFO:Uploading results into container
2023-04-29 17:07:54,217:INFO:Uploading model into container now
2023-04-29 17:07:54,217:INFO:create_model_container: 10
2023-04-29 17:07:54,217:INFO:master_model_container: 10
2023-04-29 17:07:54,217:INFO:display_container: 2
2023-04-29 17:07:54,217:INFO:GradientBoostingClassifier(ccp_alpha=0.0, criterion='friedman_mse', init=None,
                           learning_rate=0.1, loss='deviance', max_depth=3,
                           max_features=None, max_leaf_nodes=None,
                           min_impurity_decrease=0.0, min_impurity_split=None,
                           min_samples_leaf=1, min_samples_split=2,
                           min_weight_fraction_leaf=0.0, n_estimators=100,
                           n_iter_no_change=None, presort='deprecated',
                           random_state=123, subsample=1.0, tol=0.0001,
                           validation_fraction=0.1, verbose=0,
                           warm_start=False)
2023-04-29 17:07:54,218:INFO:create_model() succesfully completed......................................
2023-04-29 17:07:54,511:INFO:SubProcess create_model() end ==================================
2023-04-29 17:07:54,511:INFO:Creating metrics dataframe
2023-04-29 17:07:54,533:INFO:Initializing Linear Discriminant Analysis
2023-04-29 17:07:54,534:INFO:Total runtime is 0.7115140477816264 minutes
2023-04-29 17:07:54,543:INFO:SubProcess create_model() called ==================================
2023-04-29 17:07:54,543:INFO:Initializing create_model()
2023-04-29 17:07:54,543:INFO:create_model(estimator=lda, fold=StratifiedKFold(n_splits=10, random_state=None, shuffle=False), round=4, cross_validation=True, predict=True, fit_kwargs={}, groups=None, refit=False, verbose=False, system=False, metrics=None, add_to_model_list=True, probability_threshold=None, display=<pycaret.internal.Display.Display object at 0x7fe5d8649220>, kwargs={})
2023-04-29 17:07:54,543:INFO:Checking exceptions
2023-04-29 17:07:54,544:INFO:Importing libraries
2023-04-29 17:07:54,544:INFO:Copying training dataset
2023-04-29 17:07:54,545:INFO:Defining folds
2023-04-29 17:07:54,545:INFO:Declaring metric variables
2023-04-29 17:07:54,553:INFO:Importing untrained model
2023-04-29 17:07:54,561:INFO:Linear Discriminant Analysis Imported succesfully
2023-04-29 17:07:54,577:INFO:Starting cross validation
2023-04-29 17:07:54,578:INFO:Cross validating with StratifiedKFold(n_splits=10, random_state=None, shuffle=False), n_jobs=-1
2023-04-29 17:07:55,200:INFO:Calculating mean and std
2023-04-29 17:07:55,202:INFO:Creating metrics dataframe
2023-04-29 17:07:55,207:INFO:Uploading results into container
2023-04-29 17:07:55,207:INFO:Uploading model into container now
2023-04-29 17:07:55,207:INFO:create_model_container: 11
2023-04-29 17:07:55,207:INFO:master_model_container: 11
2023-04-29 17:07:55,207:INFO:display_container: 2
2023-04-29 17:07:55,208:INFO:LinearDiscriminantAnalysis(n_components=None, priors=None, shrinkage=None,
                           solver='svd', store_covariance=False, tol=0.0001)
2023-04-29 17:07:55,208:INFO:create_model() succesfully completed......................................
2023-04-29 17:07:55,510:INFO:SubProcess create_model() end ==================================
2023-04-29 17:07:55,511:INFO:Creating metrics dataframe
2023-04-29 17:07:55,541:INFO:Initializing Extra Trees Classifier
2023-04-29 17:07:55,541:INFO:Total runtime is 0.7283026258150737 minutes
2023-04-29 17:07:55,552:INFO:SubProcess create_model() called ==================================
2023-04-29 17:07:55,553:INFO:Initializing create_model()
2023-04-29 17:07:55,553:INFO:create_model(estimator=et, fold=StratifiedKFold(n_splits=10, random_state=None, shuffle=False), round=4, cross_validation=True, predict=True, fit_kwargs={}, groups=None, refit=False, verbose=False, system=False, metrics=None, add_to_model_list=True, probability_threshold=None, display=<pycaret.internal.Display.Display object at 0x7fe5d8649220>, kwargs={})
2023-04-29 17:07:55,553:INFO:Checking exceptions
2023-04-29 17:07:55,553:INFO:Importing libraries
2023-04-29 17:07:55,553:INFO:Copying training dataset
2023-04-29 17:07:55,555:INFO:Defining folds
2023-04-29 17:07:55,555:INFO:Declaring metric variables
2023-04-29 17:07:55,564:INFO:Importing untrained model
2023-04-29 17:07:55,573:INFO:Extra Trees Classifier Imported succesfully
2023-04-29 17:07:55,590:INFO:Starting cross validation
2023-04-29 17:07:55,591:INFO:Cross validating with StratifiedKFold(n_splits=10, random_state=None, shuffle=False), n_jobs=-1
2023-04-29 17:08:09,365:INFO:Calculating mean and std
2023-04-29 17:08:09,366:INFO:Creating metrics dataframe
2023-04-29 17:08:09,371:INFO:Uploading results into container
2023-04-29 17:08:09,371:INFO:Uploading model into container now
2023-04-29 17:08:09,371:INFO:create_model_container: 12
2023-04-29 17:08:09,371:INFO:master_model_container: 12
2023-04-29 17:08:09,371:INFO:display_container: 2
2023-04-29 17:08:09,372:INFO:ExtraTreesClassifier(bootstrap=False, ccp_alpha=0.0, class_weight=None,
                     criterion='gini', max_depth=None, max_features='auto',
                     max_leaf_nodes=None, max_samples=None,
                     min_impurity_decrease=0.0, min_impurity_split=None,
                     min_samples_leaf=1, min_samples_split=2,
                     min_weight_fraction_leaf=0.0, n_estimators=100, n_jobs=-1,
                     oob_score=False, random_state=123, verbose=0,
                     warm_start=False)
2023-04-29 17:08:09,372:INFO:create_model() succesfully completed......................................
2023-04-29 17:08:09,655:INFO:SubProcess create_model() end ==================================
2023-04-29 17:08:09,656:INFO:Creating metrics dataframe
2023-04-29 17:08:09,674:INFO:Initializing Extreme Gradient Boosting
2023-04-29 17:08:09,674:INFO:Total runtime is 0.9638584852218628 minutes
2023-04-29 17:08:09,683:INFO:SubProcess create_model() called ==================================
2023-04-29 17:08:09,684:INFO:Initializing create_model()
2023-04-29 17:08:09,684:INFO:create_model(estimator=xgboost, fold=StratifiedKFold(n_splits=10, random_state=None, shuffle=False), round=4, cross_validation=True, predict=True, fit_kwargs={}, groups=None, refit=False, verbose=False, system=False, metrics=None, add_to_model_list=True, probability_threshold=None, display=<pycaret.internal.Display.Display object at 0x7fe5d8649220>, kwargs={})
2023-04-29 17:08:09,684:INFO:Checking exceptions
2023-04-29 17:08:09,684:INFO:Importing libraries
2023-04-29 17:08:09,684:INFO:Copying training dataset
2023-04-29 17:08:09,686:INFO:Defining folds
2023-04-29 17:08:09,686:INFO:Declaring metric variables
2023-04-29 17:08:09,693:INFO:Importing untrained model
2023-04-29 17:08:09,702:INFO:Extreme Gradient Boosting Imported succesfully
2023-04-29 17:08:09,719:INFO:Starting cross validation
2023-04-29 17:08:09,721:INFO:Cross validating with StratifiedKFold(n_splits=10, random_state=None, shuffle=False), n_jobs=-1
2023-04-29 17:10:00,832:INFO:Calculating mean and std
2023-04-29 17:10:00,833:INFO:Creating metrics dataframe
2023-04-29 17:10:00,838:INFO:Uploading results into container
2023-04-29 17:10:00,838:INFO:Uploading model into container now
2023-04-29 17:10:00,838:INFO:create_model_container: 13
2023-04-29 17:10:00,838:INFO:master_model_container: 13
2023-04-29 17:10:00,838:INFO:display_container: 2
2023-04-29 17:10:00,839:INFO:XGBClassifier(base_score=None, booster='gbtree', colsample_bylevel=None,
              colsample_bynode=None, colsample_bytree=None,
              enable_categorical=False, gamma=None, gpu_id=None,
              importance_type=None, interaction_constraints=None,
              learning_rate=None, max_delta_step=None, max_depth=None,
              min_child_weight=None, missing=nan, monotone_constraints=None,
              n_estimators=100, n_jobs=-1, num_parallel_tree=None,
              objective='binary:logistic', predictor=None, random_state=123,
              reg_alpha=None, reg_lambda=None, scale_pos_weight=None,
              subsample=None, tree_method='auto', use_label_encoder=True,
              validate_parameters=None, verbosity=0)
2023-04-29 17:10:00,839:INFO:create_model() succesfully completed......................................
2023-04-29 17:10:01,125:INFO:SubProcess create_model() end ==================================
2023-04-29 17:10:01,126:INFO:Creating metrics dataframe
2023-04-29 17:10:01,145:INFO:Initializing Light Gradient Boosting Machine
2023-04-29 17:10:01,145:INFO:Total runtime is 2.821705357233683 minutes
2023-04-29 17:10:01,158:INFO:SubProcess create_model() called ==================================
2023-04-29 17:10:01,158:INFO:Initializing create_model()
2023-04-29 17:10:01,158:INFO:create_model(estimator=lightgbm, fold=StratifiedKFold(n_splits=10, random_state=None, shuffle=False), round=4, cross_validation=True, predict=True, fit_kwargs={}, groups=None, refit=False, verbose=False, system=False, metrics=None, add_to_model_list=True, probability_threshold=None, display=<pycaret.internal.Display.Display object at 0x7fe5d8649220>, kwargs={})
2023-04-29 17:10:01,159:INFO:Checking exceptions
2023-04-29 17:10:01,159:INFO:Importing libraries
2023-04-29 17:10:01,159:INFO:Copying training dataset
2023-04-29 17:10:01,161:INFO:Defining folds
2023-04-29 17:10:01,161:INFO:Declaring metric variables
2023-04-29 17:10:01,171:INFO:Importing untrained model
2023-04-29 17:10:01,181:INFO:Light Gradient Boosting Machine Imported succesfully
2023-04-29 17:10:01,203:INFO:Starting cross validation
2023-04-29 17:10:01,204:INFO:Cross validating with StratifiedKFold(n_splits=10, random_state=None, shuffle=False), n_jobs=-1
2023-04-29 17:10:02,911:INFO:Calculating mean and std
2023-04-29 17:10:02,912:INFO:Creating metrics dataframe
2023-04-29 17:10:02,917:INFO:Uploading results into container
2023-04-29 17:10:02,917:INFO:Uploading model into container now
2023-04-29 17:10:02,917:INFO:create_model_container: 14
2023-04-29 17:10:02,917:INFO:master_model_container: 14
2023-04-29 17:10:02,917:INFO:display_container: 2
2023-04-29 17:10:02,918:INFO:LGBMClassifier(boosting_type='gbdt', class_weight=None, colsample_bytree=1.0,
               importance_type='split', learning_rate=0.1, max_depth=-1,
               min_child_samples=20, min_child_weight=0.001, min_split_gain=0.0,
               n_estimators=100, n_jobs=-1, num_leaves=31, objective=None,
               random_state=123, reg_alpha=0.0, reg_lambda=0.0, silent='warn',
               subsample=1.0, subsample_for_bin=200000, subsample_freq=0)
2023-04-29 17:10:02,918:INFO:create_model() succesfully completed......................................
2023-04-29 17:10:03,209:INFO:SubProcess create_model() end ==================================
2023-04-29 17:10:03,210:INFO:Creating metrics dataframe
2023-04-29 17:10:03,230:INFO:Initializing CatBoost Classifier
2023-04-29 17:10:03,230:INFO:Total runtime is 2.8564509272575376 minutes
2023-04-29 17:10:03,239:INFO:SubProcess create_model() called ==================================
2023-04-29 17:10:03,240:INFO:Initializing create_model()
2023-04-29 17:10:03,240:INFO:create_model(estimator=catboost, fold=StratifiedKFold(n_splits=10, random_state=None, shuffle=False), round=4, cross_validation=True, predict=True, fit_kwargs={}, groups=None, refit=False, verbose=False, system=False, metrics=None, add_to_model_list=True, probability_threshold=None, display=<pycaret.internal.Display.Display object at 0x7fe5d8649220>, kwargs={})
2023-04-29 17:10:03,240:INFO:Checking exceptions
2023-04-29 17:10:03,240:INFO:Importing libraries
2023-04-29 17:10:03,241:INFO:Copying training dataset
2023-04-29 17:10:03,243:INFO:Defining folds
2023-04-29 17:10:03,243:INFO:Declaring metric variables
2023-04-29 17:10:03,252:INFO:Importing untrained model
2023-04-29 17:10:03,262:INFO:CatBoost Classifier Imported succesfully
2023-04-29 17:10:03,280:INFO:Starting cross validation
2023-04-29 17:10:03,284:INFO:Cross validating with StratifiedKFold(n_splits=10, random_state=None, shuffle=False), n_jobs=-1
2023-04-29 17:11:04,954:INFO:Calculating mean and std
2023-04-29 17:11:04,955:INFO:Creating metrics dataframe
2023-04-29 17:11:04,959:INFO:Uploading results into container
2023-04-29 17:11:04,960:INFO:Uploading model into container now
2023-04-29 17:11:04,960:INFO:create_model_container: 15
2023-04-29 17:11:04,960:INFO:master_model_container: 15
2023-04-29 17:11:04,960:INFO:display_container: 2
2023-04-29 17:11:04,960:INFO:<catboost.core.CatBoostClassifier object at 0x7fe5d6245760>
2023-04-29 17:11:04,960:INFO:create_model() succesfully completed......................................
2023-04-29 17:11:05,244:INFO:SubProcess create_model() end ==================================
2023-04-29 17:11:05,244:INFO:Creating metrics dataframe
2023-04-29 17:11:05,265:INFO:Initializing Dummy Classifier
2023-04-29 17:11:05,265:INFO:Total runtime is 3.890371990203857 minutes
2023-04-29 17:11:05,273:INFO:SubProcess create_model() called ==================================
2023-04-29 17:11:05,274:INFO:Initializing create_model()
2023-04-29 17:11:05,274:INFO:create_model(estimator=dummy, fold=StratifiedKFold(n_splits=10, random_state=None, shuffle=False), round=4, cross_validation=True, predict=True, fit_kwargs={}, groups=None, refit=False, verbose=False, system=False, metrics=None, add_to_model_list=True, probability_threshold=None, display=<pycaret.internal.Display.Display object at 0x7fe5d8649220>, kwargs={})
2023-04-29 17:11:05,274:INFO:Checking exceptions
2023-04-29 17:11:05,274:INFO:Importing libraries
2023-04-29 17:11:05,274:INFO:Copying training dataset
2023-04-29 17:11:05,275:INFO:Defining folds
2023-04-29 17:11:05,276:INFO:Declaring metric variables
2023-04-29 17:11:05,283:INFO:Importing untrained model
2023-04-29 17:11:05,291:INFO:Dummy Classifier Imported succesfully
2023-04-29 17:11:05,307:INFO:Starting cross validation
2023-04-29 17:11:05,308:INFO:Cross validating with StratifiedKFold(n_splits=10, random_state=None, shuffle=False), n_jobs=-1
2023-04-29 17:11:05,543:INFO:Calculating mean and std
2023-04-29 17:11:05,544:INFO:Creating metrics dataframe
2023-04-29 17:11:05,548:INFO:Uploading results into container
2023-04-29 17:11:05,549:INFO:Uploading model into container now
2023-04-29 17:11:05,549:INFO:create_model_container: 16
2023-04-29 17:11:05,549:INFO:master_model_container: 16
2023-04-29 17:11:05,549:INFO:display_container: 2
2023-04-29 17:11:05,549:INFO:DummyClassifier(constant=None, random_state=123, strategy='prior')
2023-04-29 17:11:05,549:INFO:create_model() succesfully completed......................................
2023-04-29 17:11:05,847:INFO:SubProcess create_model() end ==================================
2023-04-29 17:11:05,848:INFO:Creating metrics dataframe
2023-04-29 17:11:05,889:INFO:Initializing create_model()
2023-04-29 17:11:05,890:INFO:create_model(estimator=LogisticRegression(C=1.0, class_weight=None, dual=False, fit_intercept=True,
                   intercept_scaling=1, l1_ratio=None, max_iter=1000,
                   multi_class='auto', n_jobs=None, penalty='l2',
                   random_state=123, solver='lbfgs', tol=0.0001, verbose=0,
                   warm_start=False), fold=StratifiedKFold(n_splits=10, random_state=None, shuffle=False), round=4, cross_validation=False, predict=False, fit_kwargs={}, groups=None, refit=True, verbose=False, system=False, metrics=None, add_to_model_list=True, probability_threshold=None, display=None, kwargs={})
2023-04-29 17:11:05,890:INFO:Checking exceptions
2023-04-29 17:11:05,890:INFO:Importing libraries
2023-04-29 17:11:05,890:INFO:Copying training dataset
2023-04-29 17:11:05,891:INFO:Defining folds
2023-04-29 17:11:05,891:INFO:Declaring metric variables
2023-04-29 17:11:05,891:INFO:Importing untrained model
2023-04-29 17:11:05,891:INFO:Declaring custom model
2023-04-29 17:11:05,892:INFO:Logistic Regression Imported succesfully
2023-04-29 17:11:05,892:INFO:Cross validation set to False
2023-04-29 17:11:05,892:INFO:Fitting Model
2023-04-29 17:11:06,529:INFO:LogisticRegression(C=1.0, class_weight=None, dual=False, fit_intercept=True,
                   intercept_scaling=1, l1_ratio=None, max_iter=1000,
                   multi_class='auto', n_jobs=None, penalty='l2',
                   random_state=123, solver='lbfgs', tol=0.0001, verbose=0,
                   warm_start=False)
2023-04-29 17:11:06,529:INFO:create_models() succesfully completed......................................
2023-04-29 17:11:06,903:INFO:create_model_container: 16
2023-04-29 17:11:06,903:INFO:master_model_container: 16
2023-04-29 17:11:06,903:INFO:display_container: 2
2023-04-29 17:11:06,904:INFO:LogisticRegression(C=1.0, class_weight=None, dual=False, fit_intercept=True,
                   intercept_scaling=1, l1_ratio=None, max_iter=1000,
                   multi_class='auto', n_jobs=None, penalty='l2',
                   random_state=123, solver='lbfgs', tol=0.0001, verbose=0,
                   warm_start=False)
2023-04-29 17:11:06,904:INFO:compare_models() succesfully completed......................................
2023-04-29 17:12:03,397:INFO:Initializing plot_model()
2023-04-29 17:12:03,398:INFO:plot_model(fold=None, use_train_data=False, verbose=True, is_in_evaluate=False, display=None, display_format=None, estimator=LogisticRegression(C=1.0, class_weight=None, dual=False, fit_intercept=True,
                   intercept_scaling=1, l1_ratio=None, max_iter=1000,
                   multi_class='auto', n_jobs=None, penalty='l2',
                   random_state=123, solver='lbfgs', tol=0.0001, verbose=0,
                   warm_start=False), feature_name=None, fit_kwargs=None, groups=None, label=False, plot=feature, plot_kwargs=None, save=False, scale=1, system=True)
2023-04-29 17:12:03,398:INFO:Checking exceptions
2023-04-29 17:12:03,399:INFO:Preparing display monitor
2023-04-29 17:12:03,408:INFO:Preloading libraries
2023-04-29 17:12:03,410:INFO:Copying training dataset
2023-04-29 17:12:03,411:INFO:Copying test dataset
2023-04-29 17:12:03,412:INFO:Plot type: feature
2023-04-29 17:12:03,631:INFO:Visual Rendered Successfully
2023-04-29 17:12:03,923:INFO:plot_model() succesfully completed......................................
2023-04-29 17:12:39,098:INFO:Initializing plot_model()
2023-04-29 17:12:39,101:INFO:plot_model(fold=None, use_train_data=False, verbose=True, is_in_evaluate=False, display=None, display_format=None, estimator=LogisticRegression(C=1.0, class_weight=None, dual=False, fit_intercept=True,
                   intercept_scaling=1, l1_ratio=None, max_iter=1000,
                   multi_class='auto', n_jobs=None, penalty='l2',
                   random_state=123, solver='lbfgs', tol=0.0001, verbose=0,
                   warm_start=False), feature_name=None, fit_kwargs=None, groups=None, label=False, plot=feature, plot_kwargs=None, save=False, scale=1, system=True)
2023-04-29 17:12:39,101:INFO:Checking exceptions
2023-04-29 17:12:39,102:INFO:Preparing display monitor
2023-04-29 17:12:39,124:INFO:Preloading libraries
2023-04-29 17:12:39,127:INFO:Copying training dataset
2023-04-29 17:12:39,131:INFO:Copying test dataset
2023-04-29 17:12:39,132:INFO:Plot type: feature
2023-04-29 17:12:39,456:INFO:Visual Rendered Successfully
2023-04-29 17:12:39,807:INFO:plot_model() succesfully completed......................................
2023-04-29 17:36:29,362:INFO:Initializing predict_model()
2023-04-29 17:36:29,363:INFO:predict_model(estimator=LogisticRegression(C=1.0, class_weight=None, dual=False, fit_intercept=True,
                   intercept_scaling=1, l1_ratio=None, max_iter=1000,
                   multi_class='auto', n_jobs=None, penalty='l2',
                   random_state=123, solver='lbfgs', tol=0.0001, verbose=0,
                   warm_start=False), probability_threshold=None, encoded_labels=False, drift_report=False, raw_score=False, round=4, verbose=True, ml_usecase=MLUsecase.CLASSIFICATION, display=None)
2023-04-29 17:36:29,363:INFO:Checking exceptions
2023-04-29 17:36:29,363:INFO:Preloading libraries
2023-04-29 17:36:29,363:INFO:Preparing display monitor
2023-04-29 17:36:53,835:INFO:Initializing save_model()
2023-04-29 17:36:53,835:INFO:save_model(model=LogisticRegression(C=1.0, class_weight=None, dual=False, fit_intercept=True,
                   intercept_scaling=1, l1_ratio=None, max_iter=1000,
                   multi_class='auto', n_jobs=None, penalty='l2',
                   random_state=123, solver='lbfgs', tol=0.0001, verbose=0,
                   warm_start=False), model_name=logistic_regression_pipeline, prep_pipe_=Pipeline(memory=None,
         steps=[('dtypes',
                 DataTypes_Auto_infer(categorical_features=[],
                                      display_types=True, features_todrop=[],
                                      id_columns=[],
                                      ml_usecase='classification',
                                      numerical_features=[],
                                      target='booking_complete',
                                      time_features=[])),
                ('imputer',
                 Simple_Imputer(categorical_strategy='not_available',
                                fill_value_categorical=None,
                                fill_value_numerical=None,
                                num...
                ('scaling', 'passthrough'), ('P_transform', 'passthrough'),
                ('binn', 'passthrough'), ('rem_outliers', 'passthrough'),
                ('cluster_all', 'passthrough'),
                ('dummy', Dummify(target='booking_complete')),
                ('fix_perfect', Remove_100(target='booking_complete')),
                ('clean_names', Clean_Colum_Names()),
                ('feature_select', 'passthrough'), ('fix_multi', 'passthrough'),
                ('dfs', 'passthrough'), ('pca', 'passthrough')],
         verbose=False), verbose=True, kwargs={})
2023-04-29 17:36:53,835:INFO:Adding model into prep_pipe
2023-04-29 17:36:53,842:INFO:logistic_regression_pipeline.pkl saved in current working directory
2023-04-29 17:36:53,852:INFO:Pipeline(memory=None,
         steps=[('dtypes',
                 DataTypes_Auto_infer(categorical_features=[],
                                      display_types=True, features_todrop=[],
                                      id_columns=[],
                                      ml_usecase='classification',
                                      numerical_features=[],
                                      target='booking_complete',
                                      time_features=[])),
                ('imputer',
                 Simple_Imputer(categorical_strategy='not_available',
                                fill_value_categorical=None,
                                fill_value_numerical=None,
                                num...
                ('feature_select', 'passthrough'), ('fix_multi', 'passthrough'),
                ('dfs', 'passthrough'), ('pca', 'passthrough'),
                ['trained_model',
                 LogisticRegression(C=1.0, class_weight=None, dual=False,
                                    fit_intercept=True, intercept_scaling=1,
                                    l1_ratio=None, max_iter=1000,
                                    multi_class='auto', n_jobs=None,
                                    penalty='l2', random_state=123,
                                    solver='lbfgs', tol=0.0001, verbose=0,
                                    warm_start=False)]],
         verbose=False)
2023-04-29 17:36:53,852:INFO:save_model() successfully completed......................................
